2024-02-16 02:48:00,345 [170] [INFO] [Server] ShutDown Stack:    at System.Environment.GetStackTrace(Exception e, Boolean needFileInfo)
   at System.Environment.get_StackTrace()
   at System.Web.Hosting.HostingEnvironment.InitiateShutdownInternal()
   at System.Web.Hosting.HostingEnvironment.InitiateShutdownWithoutDemand()
   at System.Web.HttpRuntime.ShutdownAppDomain(String stackTrace)
   at System.Web.HttpRuntime.OnCriticalDirectoryChange(Object sender, FileChangeEvent e)
   at System.Web.FileChangesMonitor.OnCriticaldirChange(Object sender, FileChangeEvent e)
   at System.Web.DirectoryMonitor.FireNotifications()
   at System.Web.Util.WorkItem.CallCallbackWithAssert(WorkItemCallback callback)
   at System.Web.Util.WorkItem.OnQueueUserWorkItemCompletion(Object state)
   at System.Threading.QueueUserWorkItemCallback.WaitCallback_Context(Object state)
   at System.Threading.ExecutionContext.RunInternal(ExecutionContext executionContext, ContextCallback callback, Object state, Boolean preserveSyncCtx)
   at System.Threading.ExecutionContext.Run(ExecutionContext executionContext, ContextCallback callback, Object state, Boolean preserveSyncCtx)
   at System.Threading.QueueUserWorkItemCallback.System.Threading.IThreadPoolWorkItem.ExecuteWorkItem()
   at System.Threading.ThreadPoolWorkQueue.Dispatch()
   at System.Threading._ThreadPoolWaitCallback.PerformWaitCallback()
2024-02-16 02:49:08,673 [170] [ERROR] [Exception] 
GCT.Web.BackOffice.BLL.Exceptions.InvalidParameterException: IsOverride
The value 'null' is not valid for IsOverride.

2024-02-16 02:49:28,392 [135] [ERROR] [Exception] 
GCT.Web.BackOffice.BLL.Exceptions.InvalidParameterException: IsOverride
The value 'null' is not valid for IsOverride.

2024-02-16 02:51:31,048 [43] [ERROR] [Exception] 
GCT.Web.BackOffice.BLL.Exceptions.InvalidParameterException: IsOverride
The value 'null' is not valid for IsOverride.

2024-02-16 02:52:25,595 [27] [ERROR] [Exception] 
GCT.Web.BackOffice.BLL.Exceptions.InvalidParameterException: IsOverride
The value 'null' is not valid for IsOverride.

2024-02-16 02:55:24,080 [38] [ERROR] [Exception] 
GCT.Web.BackOffice.BLL.Exceptions.InvalidParameterException: TimeFrom
This field is required
TimeTo
This field is required

2024-02-16 02:55:24,424 [78] [ERROR] [Exception] 
GCT.Web.BackOffice.BLL.Exceptions.InvalidParameterException: TimeFrom
This field is required
TimeTo
This field is required

2024-02-16 03:07:30,079 [36] [ERROR] [Exception] [[RegisterMemberDevice to Push NotificationService]] [System.AggregateException: One or more errors occurred. ---> System.Net.Http.HttpRequestException: An error occurred while sending the request. ---> System.Net.WebException: The remote name could not be resolved: 'v9bet.pushnotification.wlb.prod'
   at System.Net.HttpWebRequest.EndGetRequestStream(IAsyncResult asyncResult, TransportContext& context)
   at System.Net.Http.HttpClientHandler.GetRequestStreamCallback(IAsyncResult ar)
   --- End of inner exception stack trace ---
   --- End of inner exception stack trace ---
   at System.Threading.Tasks.Task.ThrowIfExceptional(Boolean includeTaskCanceledExceptions)
   at System.Threading.Tasks.Task`1.GetResultCore(Boolean waitCompletionNotification)
   at System.Threading.Tasks.Task`1.get_Result()
   at GCT.Manager.PushNotificationIntegration.Helper.SendPushNotification.SendNotificationData(PushNotificationPaymentConfiguration device) in C:\0\u\n8-project\src\GCT.Manager\GCT.Manager\GCT.Manager.PushNotificationIntegration\Helper\SendPushNotification.cs:line 30
---> (Inner Exception #0) System.Net.Http.HttpRequestException: An error occurred while sending the request. ---> System.Net.WebException: The remote name could not be resolved: 'v9bet.pushnotification.wlb.prod'
   at System.Net.HttpWebRequest.EndGetRequestStream(IAsyncResult asyncResult, TransportContext& context)
   at System.Net.Http.HttpClientHandler.GetRequestStreamCallback(IAsyncResult ar)
   --- End of inner exception stack trace ---<---
]
2024-02-16 03:19:19,575 [30] [ERROR] [Exception] 
GCT.Web.BackOffice.BLL.Exceptions.InvalidParameterException: IsOverride
The value 'null' is not valid for IsOverride.

2024-02-16 03:22:07,777 [143] [ERROR] [Exception] [[RegisterMemberDevice to Push NotificationService]] [System.AggregateException: One or more errors occurred. ---> System.Net.Http.HttpRequestException: An error occurred while sending the request. ---> System.Net.WebException: The remote name could not be resolved: 'v9bet.pushnotification.wlb.prod'
   at System.Net.HttpWebRequest.EndGetRequestStream(IAsyncResult asyncResult, TransportContext& context)
   at System.Net.Http.HttpClientHandler.GetRequestStreamCallback(IAsyncResult ar)
   --- End of inner exception stack trace ---
   --- End of inner exception stack trace ---
   at System.Threading.Tasks.Task.ThrowIfExceptional(Boolean includeTaskCanceledExceptions)
   at System.Threading.Tasks.Task`1.GetResultCore(Boolean waitCompletionNotification)
   at System.Threading.Tasks.Task`1.get_Result()
   at GCT.Manager.PushNotificationIntegration.Helper.SendPushNotification.SendNotificationData(PushNotificationPaymentConfiguration device) in C:\0\u\n8-project\src\GCT.Manager\GCT.Manager\GCT.Manager.PushNotificationIntegration\Helper\SendPushNotification.cs:line 30
---> (Inner Exception #0) System.Net.Http.HttpRequestException: An error occurred while sending the request. ---> System.Net.WebException: The remote name could not be resolved: 'v9bet.pushnotification.wlb.prod'
   at System.Net.HttpWebRequest.EndGetRequestStream(IAsyncResult asyncResult, TransportContext& context)
   at System.Net.Http.HttpClientHandler.GetRequestStreamCallback(IAsyncResult ar)
   --- End of inner exception stack trace ---<---
]
2024-02-16 03:23:07,371 [33] [ERROR] [Exception] [[RegisterMemberDevice to Push NotificationService]] [System.AggregateException: One or more errors occurred. ---> System.Net.Http.HttpRequestException: An error occurred while sending the request. ---> System.Net.WebException: The remote name could not be resolved: 'v9bet.pushnotification.wlb.prod'
   at System.Net.HttpWebRequest.EndGetRequestStream(IAsyncResult asyncResult, TransportContext& context)
   at System.Net.Http.HttpClientHandler.GetRequestStreamCallback(IAsyncResult ar)
   --- End of inner exception stack trace ---
   --- End of inner exception stack trace ---
   at System.Threading.Tasks.Task.ThrowIfExceptional(Boolean includeTaskCanceledExceptions)
   at System.Threading.Tasks.Task`1.GetResultCore(Boolean waitCompletionNotification)
   at System.Threading.Tasks.Task`1.get_Result()
   at GCT.Manager.PushNotificationIntegration.Helper.SendPushNotification.SendNotificationData(PushNotificationPaymentConfiguration device) in C:\0\u\n8-project\src\GCT.Manager\GCT.Manager\GCT.Manager.PushNotificationIntegration\Helper\SendPushNotification.cs:line 30
---> (Inner Exception #0) System.Net.Http.HttpRequestException: An error occurred while sending the request. ---> System.Net.WebException: The remote name could not be resolved: 'v9bet.pushnotification.wlb.prod'
   at System.Net.HttpWebRequest.EndGetRequestStream(IAsyncResult asyncResult, TransportContext& context)
   at System.Net.Http.HttpClientHandler.GetRequestStreamCallback(IAsyncResult ar)
   --- End of inner exception stack trace ---<---
]
2024-02-16 03:38:51,604 [79] [ERROR] [Exception] [[RegisterMemberDevice to Push NotificationService]] [System.AggregateException: One or more errors occurred. ---> System.Net.Http.HttpRequestException: An error occurred while sending the request. ---> System.Net.WebException: The remote name could not be resolved: 'v9bet.pushnotification.wlb.prod'
   at System.Net.HttpWebRequest.EndGetRequestStream(IAsyncResult asyncResult, TransportContext& context)
   at System.Net.Http.HttpClientHandler.GetRequestStreamCallback(IAsyncResult ar)
   --- End of inner exception stack trace ---
   --- End of inner exception stack trace ---
   at System.Threading.Tasks.Task.ThrowIfExceptional(Boolean includeTaskCanceledExceptions)
   at System.Threading.Tasks.Task`1.GetResultCore(Boolean waitCompletionNotification)
   at System.Threading.Tasks.Task`1.get_Result()
   at GCT.Manager.PushNotificationIntegration.Helper.SendPushNotification.SendNotificationData(PushNotificationPaymentConfiguration device) in C:\0\u\n8-project\src\GCT.Manager\GCT.Manager\GCT.Manager.PushNotificationIntegration\Helper\SendPushNotification.cs:line 30
---> (Inner Exception #0) System.Net.Http.HttpRequestException: An error occurred while sending the request. ---> System.Net.WebException: The remote name could not be resolved: 'v9bet.pushnotification.wlb.prod'
   at System.Net.HttpWebRequest.EndGetRequestStream(IAsyncResult asyncResult, TransportContext& context)
   at System.Net.Http.HttpClientHandler.GetRequestStreamCallback(IAsyncResult ar)
   --- End of inner exception stack trace ---<---
]
2024-02-16 03:43:33,869 [35] [ERROR] [Exception] [[RegisterMemberDevice to Push NotificationService]] [System.AggregateException: One or more errors occurred. ---> System.Net.Http.HttpRequestException: An error occurred while sending the request. ---> System.Net.WebException: The remote name could not be resolved: 'v9bet.pushnotification.wlb.prod'
   at System.Net.HttpWebRequest.EndGetRequestStream(IAsyncResult asyncResult, TransportContext& context)
   at System.Net.Http.HttpClientHandler.GetRequestStreamCallback(IAsyncResult ar)
   --- End of inner exception stack trace ---
   --- End of inner exception stack trace ---
   at System.Threading.Tasks.Task.ThrowIfExceptional(Boolean includeTaskCanceledExceptions)
   at System.Threading.Tasks.Task`1.GetResultCore(Boolean waitCompletionNotification)
   at System.Threading.Tasks.Task`1.get_Result()
   at GCT.Manager.PushNotificationIntegration.Helper.SendPushNotification.SendNotificationData(PushNotificationPaymentConfiguration device) in C:\0\u\n8-project\src\GCT.Manager\GCT.Manager\GCT.Manager.PushNotificationIntegration\Helper\SendPushNotification.cs:line 30
---> (Inner Exception #0) System.Net.Http.HttpRequestException: An error occurred while sending the request. ---> System.Net.WebException: The remote name could not be resolved: 'v9bet.pushnotification.wlb.prod'
   at System.Net.HttpWebRequest.EndGetRequestStream(IAsyncResult asyncResult, TransportContext& context)
   at System.Net.Http.HttpClientHandler.GetRequestStreamCallback(IAsyncResult ar)
   --- End of inner exception stack trace ---<---
]
2024-02-16 03:52:13,729 [74] [INFO] [Server] ShutDown Stack:    at System.Environment.GetStackTrace(Exception e, Boolean needFileInfo)
   at System.Environment.get_StackTrace()
   at System.Web.Hosting.HostingEnvironment.InitiateShutdownInternal()
   at System.Web.Hosting.HostingEnvironment.InitiateShutdownWithoutDemand()
   at System.Web.HttpRuntime.ShutdownAppDomain(String stackTrace)
   at System.Web.HttpRuntime.OnCriticalDirectoryChange(Object sender, FileChangeEvent e)
   at System.Web.FileChangesMonitor.OnCriticaldirChange(Object sender, FileChangeEvent e)
   at System.Web.DirectoryMonitor.FireNotifications()
   at System.Web.Util.WorkItem.CallCallbackWithAssert(WorkItemCallback callback)
   at System.Web.Util.WorkItem.OnQueueUserWorkItemCompletion(Object state)
   at System.Threading.QueueUserWorkItemCallback.WaitCallback_Context(Object state)
   at System.Threading.ExecutionContext.RunInternal(ExecutionContext executionContext, ContextCallback callback, Object state, Boolean preserveSyncCtx)
   at System.Threading.ExecutionContext.Run(ExecutionContext executionContext, ContextCallback callback, Object state, Boolean preserveSyncCtx)
   at System.Threading.QueueUserWorkItemCallback.System.Threading.IThreadPoolWorkItem.ExecuteWorkItem()
   at System.Threading.ThreadPoolWorkQueue.Dispatch()
   at System.Threading._ThreadPoolWaitCallback.PerformWaitCallback()
2024-02-16 04:01:01,065 [163] [ERROR] [Exception] [[RegisterMemberDevice to Push NotificationService]] [System.AggregateException: One or more errors occurred. ---> System.Net.Http.HttpRequestException: An error occurred while sending the request. ---> System.Net.WebException: The remote name could not be resolved: 'v9bet.pushnotification.wlb.prod'
   at System.Net.HttpWebRequest.EndGetRequestStream(IAsyncResult asyncResult, TransportContext& context)
   at System.Net.Http.HttpClientHandler.GetRequestStreamCallback(IAsyncResult ar)
   --- End of inner exception stack trace ---
   --- End of inner exception stack trace ---
   at System.Threading.Tasks.Task.ThrowIfExceptional(Boolean includeTaskCanceledExceptions)
   at System.Threading.Tasks.Task`1.GetResultCore(Boolean waitCompletionNotification)
   at System.Threading.Tasks.Task`1.get_Result()
   at GCT.Manager.PushNotificationIntegration.Helper.SendPushNotification.SendNotificationData(PushNotificationPaymentConfiguration device) in C:\SourceCodeN8\0.MergeProject\UAT\src\GCT.Manager\GCT.Manager\GCT.Manager.PushNotificationIntegration\Helper\SendPushNotification.cs:line 30
---> (Inner Exception #0) System.Net.Http.HttpRequestException: An error occurred while sending the request. ---> System.Net.WebException: The remote name could not be resolved: 'v9bet.pushnotification.wlb.prod'
   at System.Net.HttpWebRequest.EndGetRequestStream(IAsyncResult asyncResult, TransportContext& context)
   at System.Net.Http.HttpClientHandler.GetRequestStreamCallback(IAsyncResult ar)
   --- End of inner exception stack trace ---<---
]
