2024-03-04 02:50:56,472 [5] INFO  [affPayment] – [GetMMPayTransactionDetails] - LoginID: 083778, Result: {"affiliateId":"083778","currency":"RMB","transactionDate":"20/02/2024 05:01:48","payoutId":"WMMA2402235158855","transactionId":"W2024022072194099","loginName":"kcUserR01","amount":"103.00","notifyUrl":"http://localhost:60328/Common/NotifyWithdrawal/MMPay","sign":"0e4b8cc6dea7a97088b084927994e8dc"}
2024-03-04 02:51:44,019 [12] INFO  [affPayment] – [GetMMPayTransactionDetails] - LoginID: 083778, Result: {"affiliateId":"083778","currency":"RMB","transactionDate":"27/02/2024 05:36:03","payoutId":"WMMA2403045051302","transactionId":"W2024022776110567","loginName":"kcUserR02","amount":"101.00","notifyUrl":"https://pppay.n8stg.com/Common/NotifyDeposit/MMPay","sign":"5fd0e1d070111eac20bc09659931c817"}
2024-03-04 03:59:08,200 [65] INFO  [affPayment] – [GetMMPayTransactionNotificationRequest] - LoginID: affn8kk01, Result: {"t":"string","body":{"timeZone":"+8:00","ssoToken":"7949af367c684cdab2be97536e2a6b291709539147"}}
2024-03-04 03:59:08,216 [65] INFO  [affPayment] – [GetMMPayTransactionNotificationResponse] - LoginID: affn8kk01, Result: "Success"
2024-03-04 03:59:13,466 [76] INFO  [affPayment] – [GetMMPayTransactionNotificationRequest] - LoginID: affn8kk01, Result: {"t":"string","body":{"timeZone":"+8:00","ssoToken":"7949af367c684cdab2be97536e2a6b291709539147"}}
2024-03-04 03:59:13,466 [76] INFO  [affPayment] – [GetMMPayTransactionNotificationResponse] - LoginID: affn8kk01, Result: "Success"
2024-03-04 03:59:43,466 [95] INFO  [affPayment] – [GetMMPayTransactionNotificationRequest] - LoginID: affn8kk01, Result: {"t":"string","body":{"timeZone":"+8:00","ssoToken":"7949af367c684cdab2be97536e2a6b291709539147"}}
2024-03-04 03:59:43,466 [95] INFO  [affPayment] – [GetMMPayTransactionNotificationResponse] - LoginID: affn8kk01, Result: "Success"
2024-03-04 04:00:13,529 [95] INFO  [affPayment] – [GetMMPayTransactionNotificationRequest] - LoginID: affn8kk01, Result: {"t":"string","body":{"timeZone":"+8:00","ssoToken":"7949af367c684cdab2be97536e2a6b291709539147"}}
2024-03-04 04:00:13,529 [95] INFO  [affPayment] – [GetMMPayTransactionNotificationResponse] - LoginID: affn8kk01, Result: "Success"
2024-03-04 04:00:43,545 [64] INFO  [affPayment] – [GetMMPayTransactionNotificationRequest] - LoginID: affn8kk01, Result: {"t":"string","body":{"timeZone":"+8:00","ssoToken":"7949af367c684cdab2be97536e2a6b291709539147"}}
2024-03-04 04:00:43,545 [64] INFO  [affPayment] – [GetMMPayTransactionNotificationResponse] - LoginID: affn8kk01, Result: "Success"
2024-03-04 04:00:57,545 [64] INFO  [affPayment] – [GetMMPayTransactionNotificationRequest] - LoginID: affn8kk01, Result: {"t":"string","body":{"timeZone":"+8:00","ssoToken":"7949af367c684cdab2be97536e2a6b291709539147"}}
2024-03-04 04:00:57,545 [64] INFO  [affPayment] – [GetMMPayTransactionNotificationResponse] - LoginID: affn8kk01, Result: "Success"
2024-03-04 04:01:27,545 [64] INFO  [affPayment] – [GetMMPayTransactionNotificationRequest] - LoginID: affn8kk01, Result: {"t":"string","body":{"timeZone":"+8:00","ssoToken":"7949af367c684cdab2be97536e2a6b291709539147"}}
2024-03-04 04:01:27,545 [64] INFO  [affPayment] – [GetMMPayTransactionNotificationResponse] - LoginID: affn8kk01, Result: "Success"
2024-03-04 04:01:57,561 [54] INFO  [affPayment] – [GetMMPayTransactionNotificationRequest] - LoginID: affn8kk01, Result: {"t":"string","body":{"timeZone":"+8:00","ssoToken":"7949af367c684cdab2be97536e2a6b291709539147"}}
2024-03-04 04:01:57,561 [54] INFO  [affPayment] – [GetMMPayTransactionNotificationResponse] - LoginID: affn8kk01, Result: "Success"
2024-03-04 04:02:27,545 [67] INFO  [affPayment] – [GetMMPayTransactionNotificationRequest] - LoginID: affn8kk01, Result: {"t":"string","body":{"timeZone":"+8:00","ssoToken":"7949af367c684cdab2be97536e2a6b291709539147"}}
2024-03-04 04:02:27,545 [67] INFO  [affPayment] – [GetMMPayTransactionNotificationResponse] - LoginID: affn8kk01, Result: "Success"
2024-03-04 04:02:57,545 [56] INFO  [affPayment] – [GetMMPayTransactionNotificationRequest] - LoginID: affn8kk01, Result: {"t":"string","body":{"timeZone":"+8:00","ssoToken":"7949af367c684cdab2be97536e2a6b291709539147"}}
2024-03-04 04:02:57,561 [56] INFO  [affPayment] – [GetMMPayTransactionNotificationResponse] - LoginID: affn8kk01, Result: "Success"
2024-03-04 04:03:27,545 [56] INFO  [affPayment] – [GetMMPayTransactionNotificationRequest] - LoginID: affn8kk01, Result: {"t":"string","body":{"timeZone":"+8:00","ssoToken":"7949af367c684cdab2be97536e2a6b291709539147"}}
2024-03-04 04:03:27,545 [56] INFO  [affPayment] – [GetMMPayTransactionNotificationResponse] - LoginID: affn8kk01, Result: "Success"
2024-03-04 04:03:57,514 [74] INFO  [affPayment] – [GetMMPayTransactionNotificationRequest] - LoginID: affn8kk01, Result: {"t":"string","body":{"timeZone":"+8:00","ssoToken":"7949af367c684cdab2be97536e2a6b291709539147"}}
2024-03-04 04:03:57,514 [74] INFO  [affPayment] – [GetMMPayTransactionNotificationResponse] - LoginID: affn8kk01, Result: "Success"
2024-03-04 04:04:27,545 [60] INFO  [affPayment] – [GetMMPayTransactionNotificationRequest] - LoginID: affn8kk01, Result: {"t":"string","body":{"timeZone":"+8:00","ssoToken":"7949af367c684cdab2be97536e2a6b291709539147"}}
2024-03-04 04:04:27,545 [60] INFO  [affPayment] – [GetMMPayTransactionNotificationResponse] - LoginID: affn8kk01, Result: "Success"
2024-03-04 04:04:57,561 [52] INFO  [affPayment] – [GetMMPayTransactionNotificationRequest] - LoginID: affn8kk01, Result: {"t":"string","body":{"timeZone":"+8:00","ssoToken":"7949af367c684cdab2be97536e2a6b291709539147"}}
2024-03-04 04:04:57,561 [52] INFO  [affPayment] – [GetMMPayTransactionNotificationResponse] - LoginID: affn8kk01, Result: "Success"
2024-03-04 04:05:27,561 [52] INFO  [affPayment] – [GetMMPayTransactionNotificationRequest] - LoginID: affn8kk01, Result: {"t":"string","body":{"timeZone":"+8:00","ssoToken":"7949af367c684cdab2be97536e2a6b291709539147"}}
2024-03-04 04:05:27,561 [52] INFO  [affPayment] – [GetMMPayTransactionNotificationResponse] - LoginID: affn8kk01, Result: "Success"
2024-03-04 04:05:58,530 [67] INFO  [affPayment] – [GetMMPayTransactionNotificationRequest] - LoginID: affn8kk01, Result: {"t":"string","body":{"timeZone":"+8:00","ssoToken":"7949af367c684cdab2be97536e2a6b291709539147"}}
2024-03-04 04:05:58,530 [67] INFO  [affPayment] – [GetMMPayTransactionNotificationResponse] - LoginID: affn8kk01, Result: "Success"
2024-03-04 04:06:27,498 [50] INFO  [affPayment] – [GetMMPayTransactionNotificationRequest] - LoginID: affn8kk01, Result: {"t":"string","body":{"timeZone":"+8:00","ssoToken":"7949af367c684cdab2be97536e2a6b291709539147"}}
2024-03-04 04:06:27,498 [50] INFO  [affPayment] – [GetMMPayTransactionNotificationResponse] - LoginID: affn8kk01, Result: "Success"
2024-03-04 04:06:57,514 [49] INFO  [affPayment] – [GetMMPayTransactionNotificationRequest] - LoginID: affn8kk01, Result: {"t":"string","body":{"timeZone":"+8:00","ssoToken":"7949af367c684cdab2be97536e2a6b291709539147"}}
2024-03-04 04:06:57,514 [49] INFO  [affPayment] – [GetMMPayTransactionNotificationResponse] - LoginID: affn8kk01, Result: "Success"
2024-03-04 04:07:27,498 [45] INFO  [affPayment] – [GetMMPayTransactionNotificationRequest] - LoginID: affn8kk01, Result: {"t":"string","body":{"timeZone":"+8:00","ssoToken":"7949af367c684cdab2be97536e2a6b291709539147"}}
2024-03-04 04:07:27,498 [45] INFO  [affPayment] – [GetMMPayTransactionNotificationResponse] - LoginID: affn8kk01, Result: "Success"
2024-03-04 04:07:57,498 [49] INFO  [affPayment] – [GetMMPayTransactionNotificationRequest] - LoginID: affn8kk01, Result: {"t":"string","body":{"timeZone":"+8:00","ssoToken":"7949af367c684cdab2be97536e2a6b291709539147"}}
2024-03-04 04:07:57,498 [49] INFO  [affPayment] – [GetMMPayTransactionNotificationResponse] - LoginID: affn8kk01, Result: "Success"
2024-03-04 04:08:27,545 [49] INFO  [affPayment] – [GetMMPayTransactionNotificationRequest] - LoginID: affn8kk01, Result: {"t":"string","body":{"timeZone":"+8:00","ssoToken":"7949af367c684cdab2be97536e2a6b291709539147"}}
2024-03-04 04:08:27,545 [49] INFO  [affPayment] – [GetMMPayTransactionNotificationResponse] - LoginID: affn8kk01, Result: "Success"
2024-03-04 04:08:57,545 [50] INFO  [affPayment] – [GetMMPayTransactionNotificationRequest] - LoginID: affn8kk01, Result: {"t":"string","body":{"timeZone":"+8:00","ssoToken":"7949af367c684cdab2be97536e2a6b291709539147"}}
2024-03-04 04:08:57,545 [50] INFO  [affPayment] – [GetMMPayTransactionNotificationResponse] - LoginID: affn8kk01, Result: "Success"
2024-03-04 04:09:27,499 [50] INFO  [affPayment] – [GetMMPayTransactionNotificationRequest] - LoginID: affn8kk01, Result: {"t":"string","body":{"timeZone":"+8:00","ssoToken":"7949af367c684cdab2be97536e2a6b291709539147"}}
2024-03-04 04:09:27,499 [50] INFO  [affPayment] – [GetMMPayTransactionNotificationResponse] - LoginID: affn8kk01, Result: "Success"
2024-03-04 04:09:57,499 [50] INFO  [affPayment] – [GetMMPayTransactionNotificationRequest] - LoginID: affn8kk01, Result: {"t":"string","body":{"timeZone":"+8:00","ssoToken":"7949af367c684cdab2be97536e2a6b291709539147"}}
2024-03-04 04:09:57,499 [50] INFO  [affPayment] – [GetMMPayTransactionNotificationResponse] - LoginID: affn8kk01, Result: "Success"
2024-03-04 04:10:27,499 [40] INFO  [affPayment] – [GetMMPayTransactionNotificationRequest] - LoginID: affn8kk01, Result: {"t":"string","body":{"timeZone":"+8:00","ssoToken":"7949af367c684cdab2be97536e2a6b291709539147"}}
2024-03-04 04:10:27,499 [40] INFO  [affPayment] – [GetMMPayTransactionNotificationResponse] - LoginID: affn8kk01, Result: "Success"
2024-03-04 04:10:57,514 [40] INFO  [affPayment] – [GetMMPayTransactionNotificationRequest] - LoginID: affn8kk01, Result: {"t":"string","body":{"timeZone":"+8:00","ssoToken":"7949af367c684cdab2be97536e2a6b291709539147"}}
2024-03-04 04:10:57,514 [40] INFO  [affPayment] – [GetMMPayTransactionNotificationResponse] - LoginID: affn8kk01, Result: "Success"
2024-03-04 04:11:27,592 [52] INFO  [affPayment] – [GetMMPayTransactionNotificationRequest] - LoginID: affn8kk01, Result: {"t":"string","body":{"timeZone":"+8:00","ssoToken":"7949af367c684cdab2be97536e2a6b291709539147"}}
2024-03-04 04:11:27,592 [52] INFO  [affPayment] – [GetMMPayTransactionNotificationResponse] - LoginID: affn8kk01, Result: "Success"
2024-03-04 04:11:57,514 [50] INFO  [affPayment] – [GetMMPayTransactionNotificationRequest] - LoginID: affn8kk01, Result: {"t":"string","body":{"timeZone":"+8:00","ssoToken":"7949af367c684cdab2be97536e2a6b291709539147"}}
2024-03-04 04:11:57,514 [50] INFO  [affPayment] – [GetMMPayTransactionNotificationResponse] - LoginID: affn8kk01, Result: "Success"
2024-03-04 04:12:27,546 [43] INFO  [affPayment] – [GetMMPayTransactionNotificationRequest] - LoginID: affn8kk01, Result: {"t":"string","body":{"timeZone":"+8:00","ssoToken":"7949af367c684cdab2be97536e2a6b291709539147"}}
2024-03-04 04:12:27,546 [43] INFO  [affPayment] – [GetMMPayTransactionNotificationResponse] - LoginID: affn8kk01, Result: "Success"
2024-03-04 04:12:57,530 [39] INFO  [affPayment] – [GetMMPayTransactionNotificationRequest] - LoginID: affn8kk01, Result: {"t":"string","body":{"timeZone":"+8:00","ssoToken":"7949af367c684cdab2be97536e2a6b291709539147"}}
2024-03-04 04:12:57,530 [39] INFO  [affPayment] – [GetMMPayTransactionNotificationResponse] - LoginID: affn8kk01, Result: "Success"
2024-03-04 04:13:17,639 [49] INFO  [affPayment] – [GetMMPayTransactionNotificationRequest] - LoginID: affn8kk01, Result: {"t":"string","body":{"timeZone":"+8:00","ssoToken":"9742fd7835e94549b8f8565f23615f0a1709539995"}}
2024-03-04 04:13:17,639 [49] INFO  [affPayment] – [GetMMPayTransactionNotificationResponse] - LoginID: affn8kk01, Result: "Success"
2024-03-04 04:14:55,593 [38] INFO  [affPayment] – [GetMMPayTransactionNotificationRequest] - LoginID: affn8kk01, Result: {"t":"string","body":{"timeZone":"+8:00","ssoToken":"5bf4e14608cc4281a69cc742e1bd21a71709540094"}}
2024-03-04 04:14:55,593 [38] INFO  [affPayment] – [GetMMPayTransactionNotificationResponse] - LoginID: affn8kk01, Result: "Success"
2024-03-04 04:15:22,718 [30] INFO  [affPayment] – [GetMMPayTransactionNotificationRequest] - LoginID: affn8kk01, Result: {"t":"string","body":{"timeZone":"+8:00","ssoToken":"5bf4e14608cc4281a69cc742e1bd21a71709540094"}}
2024-03-04 04:15:22,718 [30] INFO  [affPayment] – [GetMMPayTransactionNotificationResponse] - LoginID: affn8kk01, Result: "Success"
2024-03-04 04:15:27,139 [39] INFO  [affPayment] – [GetMMPayTransactionNotificationRequest] - LoginID: affn8kk01, Result: {"t":"string","body":{"timeZone":"+8:00","ssoToken":"5bf4e14608cc4281a69cc742e1bd21a71709540094"}}
2024-03-04 04:15:27,139 [39] INFO  [affPayment] – [GetMMPayTransactionNotificationResponse] - LoginID: affn8kk01, Result: "Success"
2024-03-04 04:15:51,405 [41] INFO  [affPayment] – [GetMMPayTransactionNotificationRequest] - LoginID: affn8kk01, Result: {"t":"string","body":{"timeZone":"+8:00","ssoToken":"88eba9a5d06f41bb8632e610d962cee71709540150"}}
2024-03-04 04:15:51,405 [41] INFO  [affPayment] – [GetMMPayTransactionNotificationResponse] - LoginID: affn8kk01, Result: "Success"
2024-03-04 04:16:21,405 [33] INFO  [affPayment] – [GetMMPayTransactionNotificationRequest] - LoginID: affn8kk01, Result: {"t":"string","body":{"timeZone":"+8:00","ssoToken":"88eba9a5d06f41bb8632e610d962cee71709540150"}}
2024-03-04 04:16:21,405 [33] INFO  [affPayment] – [GetMMPayTransactionNotificationResponse] - LoginID: affn8kk01, Result: "Success"
2024-03-04 04:16:51,577 [44] INFO  [affPayment] – [GetMMPayTransactionNotificationRequest] - LoginID: affn8kk01, Result: {"t":"string","body":{"timeZone":"+8:00","ssoToken":"88eba9a5d06f41bb8632e610d962cee71709540150"}}
2024-03-04 04:16:51,577 [44] INFO  [affPayment] – [GetMMPayTransactionNotificationResponse] - LoginID: affn8kk01, Result: "Success"
2024-03-04 04:17:21,561 [33] INFO  [affPayment] – [GetMMPayTransactionNotificationRequest] - LoginID: affn8kk01, Result: {"t":"string","body":{"timeZone":"+8:00","ssoToken":"88eba9a5d06f41bb8632e610d962cee71709540150"}}
2024-03-04 04:17:21,561 [33] INFO  [affPayment] – [GetMMPayTransactionNotificationResponse] - LoginID: affn8kk01, Result: "Success"
2024-03-04 04:17:51,562 [18] INFO  [affPayment] – [GetMMPayTransactionNotificationRequest] - LoginID: affn8kk01, Result: {"t":"string","body":{"timeZone":"+8:00","ssoToken":"88eba9a5d06f41bb8632e610d962cee71709540150"}}
2024-03-04 04:17:51,562 [18] INFO  [affPayment] – [GetMMPayTransactionNotificationResponse] - LoginID: affn8kk01, Result: "Success"
2024-03-04 04:18:21,562 [49] INFO  [affPayment] – [GetMMPayTransactionNotificationRequest] - LoginID: affn8kk01, Result: {"t":"string","body":{"timeZone":"+8:00","ssoToken":"88eba9a5d06f41bb8632e610d962cee71709540150"}}
2024-03-04 04:18:21,562 [49] INFO  [affPayment] – [GetMMPayTransactionNotificationResponse] - LoginID: affn8kk01, Result: "Success"
2024-03-04 04:18:51,515 [33] INFO  [affPayment] – [GetMMPayTransactionNotificationRequest] - LoginID: affn8kk01, Result: {"t":"string","body":{"timeZone":"+8:00","ssoToken":"88eba9a5d06f41bb8632e610d962cee71709540150"}}
2024-03-04 04:18:51,531 [33] INFO  [affPayment] – [GetMMPayTransactionNotificationResponse] - LoginID: affn8kk01, Result: "Success"
2024-03-04 04:19:21,515 [39] INFO  [affPayment] – [GetMMPayTransactionNotificationRequest] - LoginID: affn8kk01, Result: {"t":"string","body":{"timeZone":"+8:00","ssoToken":"88eba9a5d06f41bb8632e610d962cee71709540150"}}
2024-03-04 04:19:21,515 [39] INFO  [affPayment] – [GetMMPayTransactionNotificationResponse] - LoginID: affn8kk01, Result: "Success"
2024-03-04 04:19:51,593 [17] INFO  [affPayment] – [GetMMPayTransactionNotificationRequest] - LoginID: affn8kk01, Result: {"t":"string","body":{"timeZone":"+8:00","ssoToken":"88eba9a5d06f41bb8632e610d962cee71709540150"}}
2024-03-04 04:19:51,593 [17] INFO  [affPayment] – [GetMMPayTransactionNotificationResponse] - LoginID: affn8kk01, Result: "Success"
2024-03-04 04:20:21,515 [11] INFO  [affPayment] – [GetMMPayTransactionNotificationRequest] - LoginID: affn8kk01, Result: {"t":"string","body":{"timeZone":"+8:00","ssoToken":"88eba9a5d06f41bb8632e610d962cee71709540150"}}
2024-03-04 04:20:21,515 [11] INFO  [affPayment] – [GetMMPayTransactionNotificationResponse] - LoginID: affn8kk01, Result: "Success"
2024-03-04 04:20:51,578 [10] INFO  [affPayment] – [GetMMPayTransactionNotificationRequest] - LoginID: affn8kk01, Result: {"t":"string","body":{"timeZone":"+8:00","ssoToken":"88eba9a5d06f41bb8632e610d962cee71709540150"}}
2024-03-04 04:20:51,578 [10] INFO  [affPayment] – [GetMMPayTransactionNotificationResponse] - LoginID: affn8kk01, Result: "Success"
2024-03-04 04:21:10,687 [28] INFO  [affPayment] – [GetMMPayTransactionNotificationRequest] - LoginID: affn8kk01, Result: {"t":"string","body":{"timeZone":"+8:00","ssoToken":"88eba9a5d06f41bb8632e610d962cee71709540150"}}
2024-03-04 04:21:10,687 [28] INFO  [affPayment] – [GetMMPayTransactionNotificationResponse] - LoginID: affn8kk01, Result: "Success"
2024-03-04 04:21:40,640 [30] INFO  [affPayment] – [GetMMPayTransactionNotificationRequest] - LoginID: affn8kk01, Result: {"t":"string","body":{"timeZone":"+8:00","ssoToken":"88eba9a5d06f41bb8632e610d962cee71709540150"}}
2024-03-04 04:21:40,640 [30] INFO  [affPayment] – [GetMMPayTransactionNotificationResponse] - LoginID: affn8kk01, Result: "Success"
2024-03-04 04:22:10,656 [9] INFO  [affPayment] – [GetMMPayTransactionNotificationRequest] - LoginID: affn8kk01, Result: {"t":"string","body":{"timeZone":"+8:00","ssoToken":"88eba9a5d06f41bb8632e610d962cee71709540150"}}
2024-03-04 04:22:10,656 [9] INFO  [affPayment] – [GetMMPayTransactionNotificationResponse] - LoginID: affn8kk01, Result: "Success"
2024-03-04 04:22:13,499 [12] INFO  [affPayment] – [GetMMPayTransactionNotificationRequest] - LoginID: affn8kk01, Result: {"t":"string","body":{"timeZone":"+8:00","ssoToken":"88eba9a5d06f41bb8632e610d962cee71709540150"}}
2024-03-04 04:22:13,499 [12] INFO  [affPayment] – [GetMMPayTransactionNotificationResponse] - LoginID: affn8kk01, Result: "Success"
2024-03-04 04:22:43,640 [12] INFO  [affPayment] – [GetMMPayTransactionNotificationRequest] - LoginID: affn8kk01, Result: {"t":"string","body":{"timeZone":"+8:00","ssoToken":"88eba9a5d06f41bb8632e610d962cee71709540150"}}
2024-03-04 04:22:43,640 [12] INFO  [affPayment] – [GetMMPayTransactionNotificationResponse] - LoginID: affn8kk01, Result: "Success"
2024-03-04 04:23:13,640 [100] INFO  [affPayment] – [GetMMPayTransactionNotificationRequest] - LoginID: affn8kk01, Result: {"t":"string","body":{"timeZone":"+8:00","ssoToken":"88eba9a5d06f41bb8632e610d962cee71709540150"}}
2024-03-04 04:23:13,640 [100] INFO  [affPayment] – [GetMMPayTransactionNotificationResponse] - LoginID: affn8kk01, Result: "Success"
2024-03-04 04:23:43,578 [102] INFO  [affPayment] – [GetMMPayTransactionNotificationRequest] - LoginID: affn8kk01, Result: {"t":"string","body":{"timeZone":"+8:00","ssoToken":"88eba9a5d06f41bb8632e610d962cee71709540150"}}
2024-03-04 04:23:43,578 [102] INFO  [affPayment] – [GetMMPayTransactionNotificationResponse] - LoginID: affn8kk01, Result: "Success"
2024-03-04 04:24:13,656 [17] INFO  [affPayment] – [GetMMPayTransactionNotificationRequest] - LoginID: affn8kk01, Result: {"t":"string","body":{"timeZone":"+8:00","ssoToken":"88eba9a5d06f41bb8632e610d962cee71709540150"}}
2024-03-04 04:24:13,656 [17] INFO  [affPayment] – [GetMMPayTransactionNotificationResponse] - LoginID: affn8kk01, Result: "Success"
2024-03-04 04:24:43,609 [99] INFO  [affPayment] – [GetMMPayTransactionNotificationRequest] - LoginID: affn8kk01, Result: {"t":"string","body":{"timeZone":"+8:00","ssoToken":"88eba9a5d06f41bb8632e610d962cee71709540150"}}
2024-03-04 04:24:43,609 [99] INFO  [affPayment] – [GetMMPayTransactionNotificationResponse] - LoginID: affn8kk01, Result: "Success"
2024-03-04 04:25:13,656 [44] INFO  [affPayment] – [GetMMPayTransactionNotificationRequest] - LoginID: affn8kk01, Result: {"t":"string","body":{"timeZone":"+8:00","ssoToken":"88eba9a5d06f41bb8632e610d962cee71709540150"}}
2024-03-04 04:25:13,656 [44] INFO  [affPayment] – [GetMMPayTransactionNotificationResponse] - LoginID: affn8kk01, Result: "Success"
2024-03-04 04:25:43,578 [18] INFO  [affPayment] – [GetMMPayTransactionNotificationRequest] - LoginID: affn8kk01, Result: {"t":"string","body":{"timeZone":"+8:00","ssoToken":"88eba9a5d06f41bb8632e610d962cee71709540150"}}
2024-03-04 04:25:43,578 [18] INFO  [affPayment] – [GetMMPayTransactionNotificationResponse] - LoginID: affn8kk01, Result: "Success"
2024-03-04 04:26:13,734 [7] INFO  [affPayment] – [GetMMPayTransactionNotificationRequest] - LoginID: affn8kk01, Result: {"t":"string","body":{"timeZone":"+8:00","ssoToken":"88eba9a5d06f41bb8632e610d962cee71709540150"}}
2024-03-04 04:26:13,734 [7] INFO  [affPayment] – [GetMMPayTransactionNotificationResponse] - LoginID: affn8kk01, Result: "Success"
2024-03-04 04:26:43,609 [114] INFO  [affPayment] – [GetMMPayTransactionNotificationRequest] - LoginID: affn8kk01, Result: {"t":"string","body":{"timeZone":"+8:00","ssoToken":"88eba9a5d06f41bb8632e610d962cee71709540150"}}
2024-03-04 04:26:43,609 [114] INFO  [affPayment] – [GetMMPayTransactionNotificationResponse] - LoginID: affn8kk01, Result: "Success"
2024-03-04 04:26:58,015 [113] INFO  [affPayment] – [GetMMPayTransactionNotificationRequest] - LoginID: affn8kk01, Result: {"t":"string","body":{"timeZone":"+8:00","ssoToken":"88eba9a5d06f41bb8632e610d962cee71709540150"}}
2024-03-04 04:26:58,015 [113] INFO  [affPayment] – [GetMMPayTransactionNotificationResponse] - LoginID: affn8kk01, Result: "Success"
2024-03-04 04:27:27,937 [111] INFO  [affPayment] – [GetMMPayTransactionNotificationRequest] - LoginID: affn8kk01, Result: {"t":"string","body":{"timeZone":"+8:00","ssoToken":"88eba9a5d06f41bb8632e610d962cee71709540150"}}
2024-03-04 04:27:27,937 [111] INFO  [affPayment] – [GetMMPayTransactionNotificationResponse] - LoginID: affn8kk01, Result: "Success"
2024-03-04 04:27:57,922 [100] INFO  [affPayment] – [GetMMPayTransactionNotificationRequest] - LoginID: affn8kk01, Result: {"t":"string","body":{"timeZone":"+8:00","ssoToken":"88eba9a5d06f41bb8632e610d962cee71709540150"}}
2024-03-04 04:27:57,937 [100] INFO  [affPayment] – [GetMMPayTransactionNotificationResponse] - LoginID: affn8kk01, Result: "Success"
2024-03-04 04:28:27,718 [109] INFO  [affPayment] – [GetMMPayTransactionNotificationRequest] - LoginID: affn8kk01, Result: {"t":"string","body":{"timeZone":"+8:00","ssoToken":"3ec1947f4fda43e3bf16b550173bee6a1709540905"}}
2024-03-04 04:28:27,718 [109] INFO  [affPayment] – [GetMMPayTransactionNotificationResponse] - LoginID: affn8kk01, Result: "Success"
2024-03-04 04:28:29,500 [105] INFO  [affPayment] – [GetMMPayTransactionDetailsRequest] - LoginID: affn8kk01, Result: {"t":"string","body":{"TransactionNumber":null,"MemberCode":null,"MemberCurrency":null,"Status":"0","ModifiedDateFrom":null,"ModifiedDateTo":null,"TransactionDateFrom":"2024-02-03","TransactionDateTo":"2024-03-04","IsNotExactSearch":true,"timeZone":"+8:00","ssoToken":"3ec1947f4fda43e3bf16b550173bee6a1709540905"}}
2024-03-04 04:28:29,500 [105] INFO  [affPayment] – [GetMMPayTransactionDetailsResponse] - LoginID: affn8kk01, Result: "Success"
2024-03-04 04:28:36,672 [115] INFO  [affPayment] – [GetMMPayTransactionDetailsRequest] - LoginID: affn8kk01, Result: {"t":"string","body":{"TransactionNumber":null,"MemberCode":null,"MemberCurrency":null,"Status":null,"ModifiedDateFrom":null,"ModifiedDateTo":null,"TransactionDateFrom":"2024-02-03","TransactionDateTo":"2024-03-04","IsNotExactSearch":true,"timeZone":"+8:00","ssoToken":"3ec1947f4fda43e3bf16b550173bee6a1709540905"}}
2024-03-04 04:28:36,672 [115] INFO  [affPayment] – [GetMMPayTransactionDetailsResponse] - LoginID: affn8kk01, Result: "Success"
2024-03-04 04:28:53,422 [102] INFO  [affPayment] – [UpdateMMPayTransactionDetailsRequest] - LoginID: affn8kk01, Result: {"t":"string","body":{"MMPayTransactionId":"5","Status":1,"timeZone":"+8:00","ssoToken":"3ec1947f4fda43e3bf16b550173bee6a1709540905"}}
2024-03-04 04:28:53,437 [102] INFO  [affPayment] – [UpdateMMPayTransactionDetailsResponse] - LoginID: affn8kk01, Result: "Success"
2024-03-04 04:28:53,468 [28] INFO  [affPayment] – [UpdateMMPayTransactionDetailsRequest] - LoginID: affn8kk01, Result: {"t":"string","body":{"MMPayTransactionId":"5","Status":1,"timeZone":"+8:00","ssoToken":"3ec1947f4fda43e3bf16b550173bee6a1709540905"}}
2024-03-04 04:28:53,468 [28] INFO  [affPayment] – [UpdateMMPayTransactionDetailsResponse] - LoginID: affn8kk01, Result: "Fail"
2024-03-04 04:28:53,687 [107] INFO  [affPayment] – [GetMMPayTransactionNotificationRequest] - LoginID: affn8kk01, Result: {"t":"string","body":{"timeZone":"+8:00","ssoToken":"3ec1947f4fda43e3bf16b550173bee6a1709540905"}}
2024-03-04 04:28:53,687 [107] INFO  [affPayment] – [GetMMPayTransactionNotificationResponse] - LoginID: affn8kk01, Result: "Success"
2024-03-04 04:28:53,687 [7] INFO  [affPayment] – [GetMMPayTransactionDetailsRequest] - LoginID: affn8kk01, Result: {"t":"string","body":{"TransactionNumber":null,"MemberCode":null,"MemberCurrency":null,"Status":null,"ModifiedDateFrom":null,"ModifiedDateTo":null,"TransactionDateFrom":"2024-02-03","TransactionDateTo":"2024-03-04","IsNotExactSearch":true,"timeZone":"+8:00","ssoToken":"3ec1947f4fda43e3bf16b550173bee6a1709540905"}}
2024-03-04 04:28:53,687 [7] INFO  [affPayment] – [GetMMPayTransactionDetailsResponse] - LoginID: affn8kk01, Result: "Success"
2024-03-04 04:28:53,718 [9] INFO  [affPayment] – [GetMMPayTransactionNotificationRequest] - LoginID: affn8kk01, Result: {"t":"string","body":{"timeZone":"+8:00","ssoToken":"3ec1947f4fda43e3bf16b550173bee6a1709540905"}}
2024-03-04 04:28:53,718 [9] INFO  [affPayment] – [GetMMPayTransactionNotificationResponse] - LoginID: affn8kk01, Result: "Success"
2024-03-04 04:28:53,734 [105] INFO  [affPayment] – [GetMMPayTransactionDetailsRequest] - LoginID: affn8kk01, Result: {"t":"string","body":{"TransactionNumber":null,"MemberCode":null,"MemberCurrency":null,"Status":null,"ModifiedDateFrom":null,"ModifiedDateTo":null,"TransactionDateFrom":"2024-02-03","TransactionDateTo":"2024-03-04","IsNotExactSearch":true,"timeZone":"+8:00","ssoToken":"3ec1947f4fda43e3bf16b550173bee6a1709540905"}}
2024-03-04 04:28:53,734 [105] INFO  [affPayment] – [GetMMPayTransactionDetailsResponse] - LoginID: affn8kk01, Result: "Success"
2024-03-04 04:28:57,562 [109] INFO  [affPayment] – [GetMMPayTransactionNotificationRequest] - LoginID: affn8kk01, Result: {"t":"string","body":{"timeZone":"+8:00","ssoToken":"3ec1947f4fda43e3bf16b550173bee6a1709540905"}}
2024-03-04 04:28:57,562 [109] INFO  [affPayment] – [GetMMPayTransactionNotificationResponse] - LoginID: affn8kk01, Result: "Success"
2024-03-04 04:29:26,781 [10] INFO  [affPayment] – [GetMMPayTransactionNotificationRequest] - LoginID: affn8kk01, Result: {"t":"string","body":{"timeZone":"+8:00","ssoToken":"3ec1947f4fda43e3bf16b550173bee6a1709540905"}}
2024-03-04 04:29:26,781 [10] INFO  [affPayment] – [GetMMPayTransactionNotificationResponse] - LoginID: affn8kk01, Result: "Success"
2024-03-04 04:29:26,781 [7] INFO  [affPayment] – [GetMMPayTransactionDetailsRequest] - LoginID: affn8kk01, Result: {"t":"string","body":{"TransactionNumber":null,"MemberCode":null,"MemberCurrency":null,"Status":"0","ModifiedDateFrom":null,"ModifiedDateTo":null,"TransactionDateFrom":"2024-02-03","TransactionDateTo":"2024-03-04","IsNotExactSearch":true,"timeZone":"+8:00","ssoToken":"3ec1947f4fda43e3bf16b550173bee6a1709540905"}}
2024-03-04 04:29:26,781 [7] INFO  [affPayment] – [GetMMPayTransactionDetailsResponse] - LoginID: affn8kk01, Result: "Success"
2024-03-04 04:29:29,984 [5] INFO  [affPayment] – [GetMMPayTransactionDetailsRequest] - LoginID: affn8kk01, Result: {"t":"string","body":{"TransactionNumber":null,"MemberCode":null,"MemberCurrency":null,"Status":null,"ModifiedDateFrom":null,"ModifiedDateTo":null,"TransactionDateFrom":"2024-02-03","TransactionDateTo":"2024-03-04","IsNotExactSearch":true,"timeZone":"+8:00","ssoToken":"3ec1947f4fda43e3bf16b550173bee6a1709540905"}}
2024-03-04 04:29:29,984 [5] INFO  [affPayment] – [GetMMPayTransactionDetailsResponse] - LoginID: affn8kk01, Result: "Success"
2024-03-04 04:29:56,656 [105] INFO  [affPayment] – [GetMMPayTransactionNotificationRequest] - LoginID: affn8kk01, Result: {"t":"string","body":{"timeZone":"+8:00","ssoToken":"3ec1947f4fda43e3bf16b550173bee6a1709540905"}}
2024-03-04 04:29:56,656 [105] INFO  [affPayment] – [GetMMPayTransactionNotificationResponse] - LoginID: affn8kk01, Result: "Success"
2024-03-04 04:30:26,640 [114] INFO  [affPayment] – [GetMMPayTransactionNotificationRequest] - LoginID: affn8kk01, Result: {"t":"string","body":{"timeZone":"+8:00","ssoToken":"3ec1947f4fda43e3bf16b550173bee6a1709540905"}}
2024-03-04 04:30:26,640 [114] INFO  [affPayment] – [GetMMPayTransactionNotificationResponse] - LoginID: affn8kk01, Result: "Success"
2024-03-04 04:30:56,687 [20] INFO  [affPayment] – [GetMMPayTransactionNotificationRequest] - LoginID: affn8kk01, Result: {"t":"string","body":{"timeZone":"+8:00","ssoToken":"3ec1947f4fda43e3bf16b550173bee6a1709540905"}}
2024-03-04 04:30:56,687 [20] INFO  [affPayment] – [GetMMPayTransactionNotificationResponse] - LoginID: affn8kk01, Result: "Success"
2024-03-04 04:31:20,750 [114] INFO  [affPayment] – [GetMMPayTransactionNotificationRequest] - LoginID: affn8kk01, Result: {"t":"string","body":{"timeZone":"+8:00","ssoToken":"3ec1947f4fda43e3bf16b550173bee6a1709540905"}}
2024-03-04 04:31:20,750 [114] INFO  [affPayment] – [GetMMPayTransactionNotificationResponse] - LoginID: affn8kk01, Result: "Success"
2024-03-04 04:31:20,797 [13] INFO  [affPayment] – [GetMMPayTransactionDetailsRequest] - LoginID: affn8kk01, Result: {"t":"string","body":{"TransactionNumber":null,"MemberCode":null,"MemberCurrency":null,"Status":"0","ModifiedDateFrom":null,"ModifiedDateTo":null,"TransactionDateFrom":"2024-02-03","TransactionDateTo":"2024-03-04","IsNotExactSearch":true,"timeZone":"+8:00","ssoToken":"3ec1947f4fda43e3bf16b550173bee6a1709540905"}}
2024-03-04 04:31:20,797 [13] INFO  [affPayment] – [GetMMPayTransactionDetailsResponse] - LoginID: affn8kk01, Result: "Success"
2024-03-04 04:31:22,250 [112] INFO  [affPayment] – [GetMMPayTransactionDetailsRequest] - LoginID: affn8kk01, Result: {"t":"string","body":{"TransactionNumber":null,"MemberCode":null,"MemberCurrency":null,"Status":"0","ModifiedDateFrom":null,"ModifiedDateTo":null,"TransactionDateFrom":"2024-02-03","TransactionDateTo":"2024-03-04","IsNotExactSearch":true,"timeZone":"+8:00","ssoToken":"3ec1947f4fda43e3bf16b550173bee6a1709540905"}}
2024-03-04 04:31:22,250 [112] INFO  [affPayment] – [GetMMPayTransactionDetailsResponse] - LoginID: affn8kk01, Result: "Success"
2024-03-04 04:31:32,484 [12] INFO  [affPayment] – [UpdateMMPayTransactionDetailsRequest] - LoginID: affn8kk01, Result: {"t":"string","body":{"MMPayTransactionId":"6","Status":2,"timeZone":"+8:00","ssoToken":"3ec1947f4fda43e3bf16b550173bee6a1709540905"}}
2024-03-04 04:31:32,484 [12] INFO  [affPayment] – [UpdateMMPayTransactionDetailsResponse] - LoginID: affn8kk01, Result: "Success"
2024-03-04 04:31:32,703 [104] INFO  [affPayment] – [GetMMPayTransactionNotificationRequest] - LoginID: affn8kk01, Result: {"t":"string","body":{"timeZone":"+8:00","ssoToken":"3ec1947f4fda43e3bf16b550173bee6a1709540905"}}
2024-03-04 04:31:32,703 [104] INFO  [affPayment] – [GetMMPayTransactionNotificationResponse] - LoginID: affn8kk01, Result: "Success"
2024-03-04 04:31:32,718 [17] INFO  [affPayment] – [GetMMPayTransactionDetailsRequest] - LoginID: affn8kk01, Result: {"t":"string","body":{"TransactionNumber":null,"MemberCode":null,"MemberCurrency":null,"Status":"0","ModifiedDateFrom":null,"ModifiedDateTo":null,"TransactionDateFrom":"2024-02-03","TransactionDateTo":"2024-03-04","IsNotExactSearch":true,"timeZone":"+8:00","ssoToken":"3ec1947f4fda43e3bf16b550173bee6a1709540905"}}
2024-03-04 04:31:32,718 [17] INFO  [affPayment] – [GetMMPayTransactionDetailsResponse] - LoginID: affn8kk01, Result: "Success"
2024-03-04 04:31:50,672 [115] INFO  [affPayment] – [GetMMPayTransactionNotificationRequest] - LoginID: affn8kk01, Result: {"t":"string","body":{"timeZone":"+8:00","ssoToken":"3ec1947f4fda43e3bf16b550173bee6a1709540905"}}
2024-03-04 04:31:50,672 [115] INFO  [affPayment] – [GetMMPayTransactionNotificationResponse] - LoginID: affn8kk01, Result: "Success"
2024-03-04 04:31:56,890 [13] INFO  [affPayment] – [GetMMPayTransactionDetailsRequest] - LoginID: affn8kk01, Result: {"t":"string","body":{"TransactionNumber":null,"MemberCode":null,"MemberCurrency":null,"Status":null,"ModifiedDateFrom":null,"ModifiedDateTo":null,"TransactionDateFrom":"2024-02-03","TransactionDateTo":"2024-03-04","IsNotExactSearch":true,"timeZone":"+8:00","ssoToken":"3ec1947f4fda43e3bf16b550173bee6a1709540905"}}
2024-03-04 04:31:56,890 [13] INFO  [affPayment] – [GetMMPayTransactionDetailsResponse] - LoginID: affn8kk01, Result: "Success"
2024-03-04 04:32:21,203 [9] INFO  [affPayment] – [GetMMPayTransactionNotificationRequest] - LoginID: affn8kk01, Result: {"t":"string","body":{"timeZone":"+8:00","ssoToken":"3ec1947f4fda43e3bf16b550173bee6a1709540905"}}
2024-03-04 04:32:21,203 [9] INFO  [affPayment] – [GetMMPayTransactionNotificationResponse] - LoginID: affn8kk01, Result: "Success"
2024-03-04 04:32:51,187 [38] INFO  [affPayment] – [GetMMPayTransactionNotificationRequest] - LoginID: affn8kk01, Result: {"t":"string","body":{"timeZone":"+8:00","ssoToken":"3ec1947f4fda43e3bf16b550173bee6a1709540905"}}
2024-03-04 04:32:51,187 [38] INFO  [affPayment] – [GetMMPayTransactionNotificationResponse] - LoginID: affn8kk01, Result: "Success"
2024-03-04 04:34:11,390 [10] INFO  [affPayment] – [GetMMPayTransactionDetails] - LoginID: 083778, Result: {"affiliateId":"083778","currency":"RMB","transactionDate":"20/02/2024 05:01:48","payoutId":"WMMA2402235158855","transactionId":"W2024022072194078","loginName":"kcUserR01","amount":"103.00","notifyUrl":"http://localhost:60328/Common/NotifyWithdrawal/MMPay","sign":"0e4b8cc6dea7a97088b084927994e8dc"}
2024-03-04 04:34:15,312 [23] INFO  [affPayment] – [GetMMPayTransactionDetails] - LoginID: 083778, Result: {"affiliateId":"083778","currency":"RMB","transactionDate":"20/02/2024 05:01:48","payoutId":"WMMA2402235158855","transactionId":"W2024022072194098","loginName":"kcUserR01","amount":"103.00","notifyUrl":"http://localhost:60328/Common/NotifyWithdrawal/MMPay","sign":"0e4b8cc6dea7a97088b084927994e8dc"}
2024-03-04 04:34:19,734 [13] INFO  [affPayment] – [GetMMPayTransactionDetails] - LoginID: 083778, Result: {"affiliateId":"083778","currency":"RMB","transactionDate":"20/02/2024 05:01:48","payoutId":"WMMA2402235158855","transactionId":"W2024022072194068","loginName":"kcUserR01","amount":"103.00","notifyUrl":"http://localhost:60328/Common/NotifyWithdrawal/MMPay","sign":"0e4b8cc6dea7a97088b084927994e8dc"}
2024-03-04 04:40:17,015 [23] INFO  [affPayment] – [GetMMPayTransactionNotificationRequest] - LoginID: affn8kk01, Result: {"t":"string","body":{"timeZone":"+8:00","ssoToken":"d1a561e5b3794321a7ffac05abc6b4bd1709541614"}}
2024-03-04 04:40:17,015 [23] INFO  [affPayment] – [GetMMPayTransactionNotificationResponse] - LoginID: affn8kk01, Result: "Success"
2024-03-04 04:40:20,062 [43] INFO  [affPayment] – [GetMMPayTransactionDetailsRequest] - LoginID: affn8kk01, Result: {"t":"string","body":{"TransactionNumber":null,"MemberCode":null,"MemberCurrency":null,"Status":"0","ModifiedDateFrom":null,"ModifiedDateTo":null,"TransactionDateFrom":"2024-02-03","TransactionDateTo":"2024-03-04","IsNotExactSearch":true,"timeZone":"+8:00","ssoToken":"d1a561e5b3794321a7ffac05abc6b4bd1709541614"}}
2024-03-04 04:40:20,062 [43] INFO  [affPayment] – [GetMMPayTransactionDetailsResponse] - LoginID: affn8kk01, Result: "Success"
2024-03-04 04:40:27,328 [43] INFO  [affPayment] – [GetMMPayTransactionDetailsRequest] - LoginID: affn8kk01, Result: {"t":"string","body":{"TransactionNumber":null,"MemberCode":null,"MemberCurrency":null,"Status":null,"ModifiedDateFrom":null,"ModifiedDateTo":null,"TransactionDateFrom":"2024-02-03","TransactionDateTo":"2024-03-04","IsNotExactSearch":true,"timeZone":"+8:00","ssoToken":"d1a561e5b3794321a7ffac05abc6b4bd1709541614"}}
2024-03-04 04:40:27,328 [43] INFO  [affPayment] – [GetMMPayTransactionDetailsResponse] - LoginID: affn8kk01, Result: "Success"
2024-03-04 04:40:34,781 [13] INFO  [affPayment] – [UpdateMMPayTransactionDetailsRequest] - LoginID: affn8kk01, Result: {"t":"string","body":{"MMPayTransactionId":"8","Status":1,"timeZone":"+8:00","ssoToken":"d1a561e5b3794321a7ffac05abc6b4bd1709541614"}}
2024-03-04 04:40:34,781 [13] INFO  [affPayment] – [UpdateMMPayTransactionDetailsResponse] - LoginID: affn8kk01, Result: "Success"
2024-03-04 04:40:34,968 [43] INFO  [affPayment] – [GetMMPayTransactionNotificationRequest] - LoginID: affn8kk01, Result: {"t":"string","body":{"timeZone":"+8:00","ssoToken":"d1a561e5b3794321a7ffac05abc6b4bd1709541614"}}
2024-03-04 04:40:34,968 [43] INFO  [affPayment] – [GetMMPayTransactionNotificationResponse] - LoginID: affn8kk01, Result: "Success"
2024-03-04 04:40:34,968 [10] INFO  [affPayment] – [GetMMPayTransactionDetailsRequest] - LoginID: affn8kk01, Result: {"t":"string","body":{"TransactionNumber":null,"MemberCode":null,"MemberCurrency":null,"Status":null,"ModifiedDateFrom":null,"ModifiedDateTo":null,"TransactionDateFrom":"2024-02-03","TransactionDateTo":"2024-03-04","IsNotExactSearch":true,"timeZone":"+8:00","ssoToken":"d1a561e5b3794321a7ffac05abc6b4bd1709541614"}}
2024-03-04 04:40:34,968 [10] INFO  [affPayment] – [GetMMPayTransactionDetailsResponse] - LoginID: affn8kk01, Result: "Success"
2024-03-04 04:40:47,093 [13] INFO  [affPayment] – [GetMMPayTransactionNotificationRequest] - LoginID: affn8kk01, Result: {"t":"string","body":{"timeZone":"+8:00","ssoToken":"d1a561e5b3794321a7ffac05abc6b4bd1709541614"}}
2024-03-04 04:40:47,093 [13] INFO  [affPayment] – [GetMMPayTransactionNotificationResponse] - LoginID: affn8kk01, Result: "Success"
2024-03-04 04:41:17,031 [12] INFO  [affPayment] – [GetMMPayTransactionNotificationRequest] - LoginID: affn8kk01, Result: {"t":"string","body":{"timeZone":"+8:00","ssoToken":"d1a561e5b3794321a7ffac05abc6b4bd1709541614"}}
2024-03-04 04:41:17,031 [12] INFO  [affPayment] – [GetMMPayTransactionNotificationResponse] - LoginID: affn8kk01, Result: "Success"
2024-03-04 05:19:45,875 [67] INFO  [affPayment] – [GetMMPayTransactionNotificationRequest] - LoginID: affn8kk01, Result: {"t":"string","body":{"timeZone":"+8:00","ssoToken":"c4c27eb4ba2940cfb78708257c1f7f1d1709543985"}}
2024-03-04 05:19:45,891 [67] INFO  [affPayment] – [GetMMPayTransactionNotificationResponse] - LoginID: affn8kk01, Result: "Success"
2024-03-04 05:20:15,906 [78] INFO  [affPayment] – [GetMMPayTransactionNotificationRequest] - LoginID: affn8kk01, Result: {"t":"string","body":{"timeZone":"+8:00","ssoToken":"c4c27eb4ba2940cfb78708257c1f7f1d1709543985"}}
2024-03-04 05:20:15,906 [78] INFO  [affPayment] – [GetMMPayTransactionNotificationResponse] - LoginID: affn8kk01, Result: "Success"
2024-03-04 05:20:45,891 [72] INFO  [affPayment] – [GetMMPayTransactionNotificationRequest] - LoginID: affn8kk01, Result: {"t":"string","body":{"timeZone":"+8:00","ssoToken":"c4c27eb4ba2940cfb78708257c1f7f1d1709543985"}}
2024-03-04 05:20:45,891 [72] INFO  [affPayment] – [GetMMPayTransactionNotificationResponse] - LoginID: affn8kk01, Result: "Success"
2024-03-04 05:21:26,938 [90] INFO  [affPayment] – [GetMMPayTransactionNotificationRequest] - LoginID: affn8kk01, Result: {"t":"string","body":{"timeZone":"+8:00","ssoToken":"c4c27eb4ba2940cfb78708257c1f7f1d1709543985"}}
2024-03-04 05:21:26,953 [90] INFO  [affPayment] – [GetMMPayTransactionNotificationResponse] - LoginID: affn8kk01, Result: "Success"
2024-03-04 05:21:28,063 [94] INFO  [affPayment] – [GetMMPayBalance] - LoginID: affn8kk01, Result: Success
2024-03-04 05:22:05,859 [70] INFO  [affPayment] – [GetMMPayTransactionNotificationRequest] - LoginID: affn8kk01, Result: {"t":"string","body":{"timeZone":"+8:00","ssoToken":"c4c27eb4ba2940cfb78708257c1f7f1d1709543985"}}
2024-03-04 05:22:05,859 [70] INFO  [affPayment] – [GetMMPayTransactionNotificationResponse] - LoginID: affn8kk01, Result: "Success"
2024-03-04 05:22:07,609 [90] INFO  [affPayment] – [GetBalanceTransferInfo] - LoginID: affn8kk01, Result: {"Wallet":[{"Currency":"RMB","AvailableBalance":884946.720000}],"TransactionHistory":[]}
2024-03-04 05:22:08,797 [55] INFO  [affPayment] – [GetMMPayTransactionNotificationRequest] - LoginID: affn8kk01, Result: {"t":"string","body":{"timeZone":"+8:00","ssoToken":"c4c27eb4ba2940cfb78708257c1f7f1d1709543985"}}
2024-03-04 05:22:08,797 [55] INFO  [affPayment] – [GetMMPayTransactionNotificationResponse] - LoginID: affn8kk01, Result: "Success"
2024-03-04 05:22:57,328 [60] INFO  [affPayment] – [GetMMPayTransactionNotificationRequest] - LoginID: affn8kk01, Result: {"t":"string","body":{"timeZone":"+8:00","ssoToken":"c4c27eb4ba2940cfb78708257c1f7f1d1709543985"}}
2024-03-04 05:22:57,328 [60] INFO  [affPayment] – [GetMMPayTransactionNotificationResponse] - LoginID: affn8kk01, Result: "Success"
2024-03-04 05:23:23,750 [51] INFO  [affPayment] – [GetMMPayTransactionDetailsRequest] - LoginID: affn8kk01, Result: {"t":"string","body":{"TransactionNumber":null,"MemberCode":null,"MemberCurrency":null,"Status":null,"ModifiedDateFrom":null,"ModifiedDateTo":null,"TransactionDateFrom":null,"TransactionDateTo":null,"IsNotExactSearch":false,"timeZone":"+8:00","ssoToken":"c4c27eb4ba2940cfb78708257c1f7f1d1709543985"}}
2024-03-04 05:23:23,766 [51] INFO  [affPayment] – [GetMMPayTransactionDetailsResponse] - LoginID: affn8kk01, Result: "Success"
2024-03-04 05:24:15,516 [43] INFO  [affPayment] – [GetMMPayTransactionDetailsRequest] - LoginID: affn8kk01, Result: {"t":"string","body":{"TransactionNumber":null,"MemberCode":null,"MemberCurrency":null,"Status":null,"ModifiedDateFrom":null,"ModifiedDateTo":null,"TransactionDateFrom":null,"TransactionDateTo":null,"IsNotExactSearch":false,"timeZone":"+8:00","ssoToken":"c4c27eb4ba2940cfb78708257c1f7f1d1709543985"}}
2024-03-04 05:24:15,516 [43] INFO  [affPayment] – [GetMMPayTransactionDetailsResponse] - LoginID: affn8kk01, Result: "Success"
2024-03-04 05:26:29,172 [71] INFO  [affPayment] – [GetMMPayTransactionDetailsRequest] - LoginID: affn8kk01, Result: {"t":"string","body":{"TransactionNumber":null,"MemberCode":null,"MemberCurrency":null,"Status":null,"ModifiedDateFrom":null,"ModifiedDateTo":null,"TransactionDateFrom":"2024-02-03","TransactionDateTo":"2024-03-04","IsNotExactSearch":false,"timeZone":"+8:00","ssoToken":"c4c27eb4ba2940cfb78708257c1f7f1d1709543985"}}
2024-03-04 05:26:29,172 [71] INFO  [affPayment] – [GetMMPayTransactionDetailsResponse] - LoginID: affn8kk01, Result: "Success"
2024-03-04 05:27:33,078 [72] INFO  [affPayment] – [GetMMPayTransactionDetailsRequest] - LoginID: affn8kk01, Result: {"t":"string","body":{"TransactionNumber":null,"MemberCode":null,"MemberCurrency":null,"Status":null,"ModifiedDateFrom":null,"ModifiedDateTo":null,"TransactionDateFrom":"2024-02-03","TransactionDateTo":"2024-03-04","IsNotExactSearch":false,"timeZone":"+8:00","ssoToken":"c4c27eb4ba2940cfb78708257c1f7f1d1709543985"}}
2024-03-04 05:27:33,078 [72] INFO  [affPayment] – [GetMMPayTransactionDetailsResponse] - LoginID: affn8kk01, Result: "Success"
2024-03-04 05:28:08,031 [41] INFO  [affPayment] – [GetMMPayTransactionNotificationRequest] - LoginID: affn8kk01, Result: {"t":"string","body":{"timeZone":"+8:00","ssoToken":"c4c27eb4ba2940cfb78708257c1f7f1d1709543985"}}
2024-03-04 05:28:08,031 [41] INFO  [affPayment] – [GetMMPayTransactionNotificationResponse] - LoginID: affn8kk01, Result: "Success"
2024-03-04 05:28:38,047 [46] INFO  [affPayment] – [GetMMPayTransactionNotificationRequest] - LoginID: affn8kk01, Result: {"t":"string","body":{"timeZone":"+8:00","ssoToken":"c4c27eb4ba2940cfb78708257c1f7f1d1709543985"}}
2024-03-04 05:28:38,047 [46] INFO  [affPayment] – [GetMMPayTransactionNotificationResponse] - LoginID: affn8kk01, Result: "Success"
2024-03-04 05:30:41,703 [56] INFO  [affPayment] – [GetMMPayTransactionDetailsRequest] - LoginID: affn8kk01, Result: {"t":"string","body":{"TransactionNumber":null,"MemberCode":"","MemberCurrency":null,"Status":null,"ModifiedDateFrom":null,"ModifiedDateTo":null,"TransactionDateFrom":null,"TransactionDateTo":null,"IsNotExactSearch":false,"timeZone":"+8:00","ssoToken":"c4c27eb4ba2940cfb78708257c1f7f1d1709543985"}}
2024-03-04 05:30:41,703 [56] INFO  [affPayment] – [GetMMPayTransactionDetailsResponse] - LoginID: affn8kk01, Result: "Success"
2024-03-04 05:39:42,703 [41] INFO  [affPayment] – [GetMMPayTransactionDetailsRequest] - LoginID: affn8kk01, Result: {"t":"string","body":{"TransactionNumber":null,"MemberCode":null,"MemberCurrency":null,"Status":"0","ModifiedDateFrom":null,"ModifiedDateTo":null,"TransactionDateFrom":"2024-02-03","TransactionDateTo":"2024-03-04","IsNotExactSearch":false,"timeZone":"+8:00","ssoToken":"c4c27eb4ba2940cfb78708257c1f7f1d1709543985"}}
2024-03-04 05:39:42,719 [41] INFO  [affPayment] – [GetMMPayTransactionDetailsResponse] - LoginID: affn8kk01, Result: "Success"
2024-03-04 05:43:42,844 [93] INFO  [affPayment] – [GetMMPayTransactionDetailsRequest] - LoginID: affn8kk01, Result: {"t":"string","body":{"TransactionNumber":null,"MemberCode":null,"MemberCurrency":null,"Status":"0","ModifiedDateFrom":null,"ModifiedDateTo":null,"TransactionDateFrom":"2024-02-03","TransactionDateTo":"2024-03-04","IsNotExactSearch":false,"timeZone":"+8:00","ssoToken":"c4c27eb4ba2940cfb78708257c1f7f1d1709543985"}}
2024-03-04 05:43:42,844 [93] INFO  [affPayment] – [GetMMPayTransactionDetailsResponse] - LoginID: affn8kk01, Result: "Success"
2024-03-04 05:43:47,828 [37] INFO  [affPayment] – [GetMMPayTransactionDetailsRequest] - LoginID: affn8kk01, Result: {"t":"string","body":{"TransactionNumber":null,"MemberCode":null,"MemberCurrency":null,"Status":"0","ModifiedDateFrom":null,"ModifiedDateTo":null,"TransactionDateFrom":"2024-02-03","TransactionDateTo":"2024-03-04","IsNotExactSearch":false,"timeZone":"+8:00","ssoToken":"c4c27eb4ba2940cfb78708257c1f7f1d1709543985"}}
2024-03-04 05:43:47,828 [37] INFO  [affPayment] – [GetMMPayTransactionDetailsResponse] - LoginID: affn8kk01, Result: "Success"
2024-03-04 05:43:54,828 [52] INFO  [affPayment] – [GetMMPayTransactionDetailsRequest] - LoginID: affn8kk01, Result: {"t":"string","body":{"TransactionNumber":null,"MemberCode":null,"MemberCurrency":null,"Status":"0","ModifiedDateFrom":null,"ModifiedDateTo":null,"TransactionDateFrom":"2024-02-03","TransactionDateTo":"2024-03-04","IsNotExactSearch":false,"timeZone":"+8:00","ssoToken":"c4c27eb4ba2940cfb78708257c1f7f1d1709543985"}}
2024-03-04 05:43:54,844 [52] INFO  [affPayment] – [GetMMPayTransactionDetailsResponse] - LoginID: affn8kk01, Result: "Success"
2024-03-04 05:45:35,206 [49] INFO  [affPayment] – [GetMMPayTransactionNotificationRequest] - LoginID: affn8kk01, Result: {"t":"string","body":{"timeZone":"+8:00","ssoToken":"15b4916603a341d9a12b586dcfdb56641709545534"}}
2024-03-04 05:45:35,206 [49] INFO  [affPayment] – [GetMMPayTransactionNotificationResponse] - LoginID: affn8kk01, Result: "Success"
2024-03-04 05:45:37,628 [90] INFO  [affPayment] – [GetMMPayTransactionDetailsRequest] - LoginID: affn8kk01, Result: {"t":"string","body":{"TransactionNumber":null,"MemberCode":null,"MemberCurrency":null,"Status":null,"ModifiedDateFrom":null,"ModifiedDateTo":null,"TransactionDateFrom":"2024-02-03","TransactionDateTo":"2024-03-04","IsNotExactSearch":false,"timeZone":"+8:00","ssoToken":"15b4916603a341d9a12b586dcfdb56641709545534"}}
2024-03-04 05:45:37,628 [90] INFO  [affPayment] – [GetMMPayTransactionDetailsResponse] - LoginID: affn8kk01, Result: "Success"
2024-03-04 05:48:12,333 [96] INFO  [affPayment] – [GetMMPayTransactionDetailsRequest] - LoginID: affn8kk01, Result: {"t":"string","body":{"TransactionNumber":null,"MemberCode":null,"MemberCurrency":null,"Status":null,"ModifiedDateFrom":null,"ModifiedDateTo":null,"TransactionDateFrom":"2024-02-03","TransactionDateTo":"2024-03-04","IsNotExactSearch":false,"timeZone":"+8:00","ssoToken":"15b4916603a341d9a12b586dcfdb56641709545534"}}
2024-03-04 05:48:12,333 [96] INFO  [affPayment] – [GetMMPayTransactionDetailsResponse] - LoginID: affn8kk01, Result: "Success"
2024-03-04 05:50:49,303 [96] INFO  [affPayment] – [GetMMPayTransactionDetailsRequest] - LoginID: affn8kk01, Result: {"t":"string","body":{"TransactionNumber":null,"MemberCode":null,"MemberCurrency":null,"Status":null,"ModifiedDateFrom":null,"ModifiedDateTo":null,"TransactionDateFrom":"2024-02-03","TransactionDateTo":"2024-03-04","IsNotExactSearch":false,"timeZone":"+8:00","ssoToken":"15b4916603a341d9a12b586dcfdb56641709545534"}}
2024-03-04 05:50:49,303 [96] INFO  [affPayment] – [GetMMPayTransactionDetailsResponse] - LoginID: affn8kk01, Result: "Success"
2024-03-04 05:50:55,553 [41] INFO  [affPayment] – [GetMMPayTransactionNotificationRequest] - LoginID: affn8kk01, Result: {"t":"string","body":{"timeZone":"+8:00","ssoToken":"15b4916603a341d9a12b586dcfdb56641709545534"}}
2024-03-04 05:50:55,553 [41] INFO  [affPayment] – [GetMMPayTransactionNotificationResponse] - LoginID: affn8kk01, Result: "Success"
2024-03-04 05:53:55,976 [93] INFO  [affPayment] – [GetMMPayTransactionNotificationRequest] - LoginID: affn8kk01, Result: {"t":"string","body":{"timeZone":"+8:00","ssoToken":"15b4916603a341d9a12b586dcfdb56641709545534"}}
2024-03-04 05:53:55,976 [93] INFO  [affPayment] – [GetMMPayTransactionNotificationResponse] - LoginID: affn8kk01, Result: "Success"
2024-03-04 05:54:03,367 [56] INFO  [affPayment] – [GetWithdrawalInfo] - LoginID: affn8kk01, Result: Success
