2024-02-26 00:14:04,261 [82] INFO  [affPayment] – [GetMMPayTransactionDetailsRequest] - LoginID: affn8kk01, Result: {"t":"string","body":{"TransactionNumber":null,"MemberCode":null,"MemberCurrency":null,"Status":null,"ModifiedDateFrom":null,"ModifiedDateTo":null,"TransactionDateFrom":null,"TransactionDateTo":null,"IsNotExactSearch":false,"timeZone":"+8:00","ssoToken":"836d47b4d90344d29af0b3a61fb596611708917221"}}
2024-02-26 00:14:04,277 [82] INFO  [affPayment] – [GetMMPayTransactionDetailsResponse] - LoginID: affn8kk01, Result: "Success"
2024-02-26 00:14:40,933 [76] INFO  [affPayment] – [GetMMPayTransactionDetailsRequest] - LoginID: affn8kk01, Result: {"t":"string","body":{"TransactionNumber":null,"MemberCode":null,"MemberCurrency":null,"Status":"2","ModifiedDateFrom":null,"ModifiedDateTo":null,"TransactionDateFrom":null,"TransactionDateTo":null,"IsNotExactSearch":false,"timeZone":"+8:00","ssoToken":"836d47b4d90344d29af0b3a61fb596611708917221"}}
2024-02-26 00:14:40,933 [76] INFO  [affPayment] – [GetMMPayTransactionDetailsResponse] - LoginID: affn8kk01, Result: "Success"
2024-02-26 00:15:04,652 [57] INFO  [affPayment] – [GetMMPayTransactionNotificationRequest] - LoginID: affn8kk01, Result: {"t":"string","body":{"timeZone":"+8:00","ssoToken":"836d47b4d90344d29af0b3a61fb596611708917221"}}
2024-02-26 00:15:04,652 [57] INFO  [affPayment] – [GetMMPayTransactionNotificationResponse] - LoginID: affn8kk01, Result: "Success"
2024-02-26 00:15:09,511 [63] INFO  [affPayment] – [GetMMPayTransactionDetailsRequest] - LoginID: affn8kk01, Result: {"t":"string","body":{"TransactionNumber":null,"MemberCode":null,"MemberCurrency":null,"Status":"2","ModifiedDateFrom":null,"ModifiedDateTo":null,"TransactionDateFrom":null,"TransactionDateTo":null,"IsNotExactSearch":false,"timeZone":"+8:00","ssoToken":"836d47b4d90344d29af0b3a61fb596611708917221"}}
2024-02-26 00:15:09,511 [63] INFO  [affPayment] – [GetMMPayTransactionDetailsResponse] - LoginID: affn8kk01, Result: "Success"
2024-02-26 00:22:49,840 [32] INFO  [affPayment] – [GetMMPayTransactionDetailsRequest] - LoginID: affn8kk01, Result: {"t":"string","body":{"TransactionNumber":null,"MemberCode":null,"MemberCurrency":null,"Status":null,"ModifiedDateFrom":"2024-02-23","ModifiedDateTo":"2024-02-24","TransactionDateFrom":"2024-02-20","TransactionDateTo":"2024-02-21","IsNotExactSearch":true,"timeZone":"+8:00","ssoToken":"836d47b4d90344d29af0b3a61fb596611708917221"}}
2024-02-26 00:22:49,840 [32] INFO  [affPayment] – [GetMMPayTransactionDetailsResponse] - LoginID: affn8kk01, Result: "Success"
2024-02-26 00:22:57,527 [42] INFO  [affPayment] – [GetMMPayTransactionDetailsRequest] - LoginID: affn8kk01, Result: {"t":"string","body":{"TransactionNumber":null,"MemberCode":"cUser","MemberCurrency":null,"Status":null,"ModifiedDateFrom":"2024-02-23","ModifiedDateTo":"2024-02-24","TransactionDateFrom":"2024-02-20","TransactionDateTo":"2024-02-21","IsNotExactSearch":true,"timeZone":"+8:00","ssoToken":"836d47b4d90344d29af0b3a61fb596611708917221"}}
2024-02-26 00:22:57,527 [42] INFO  [affPayment] – [GetMMPayTransactionDetailsResponse] - LoginID: affn8kk01, Result: "Success"
2024-02-26 00:23:11,527 [51] INFO  [affPayment] – [GetMMPayTransactionDetailsRequest] - LoginID: affn8kk01, Result: {"t":"string","body":{"TransactionNumber":null,"MemberCode":"cUser","MemberCurrency":null,"Status":null,"ModifiedDateFrom":"2024-02-23","ModifiedDateTo":"2024-02-24","TransactionDateFrom":"2024-02-20","TransactionDateTo":"2024-02-21","IsNotExactSearch":false,"timeZone":"+8:00","ssoToken":"836d47b4d90344d29af0b3a61fb596611708917221"}}
2024-02-26 00:23:11,527 [51] INFO  [affPayment] – [GetMMPayTransactionDetailsResponse] - LoginID: affn8kk01, Result: "Success"
2024-02-26 00:23:18,887 [34] INFO  [affPayment] – [GetMMPayTransactionDetailsRequest] - LoginID: affn8kk01, Result: {"t":"string","body":{"TransactionNumber":null,"MemberCode":"cUser","MemberCurrency":null,"Status":null,"ModifiedDateFrom":"2024-02-23","ModifiedDateTo":"2024-02-24","TransactionDateFrom":"2024-02-20","TransactionDateTo":"2024-02-21","IsNotExactSearch":true,"timeZone":"+8:00","ssoToken":"836d47b4d90344d29af0b3a61fb596611708917221"}}
2024-02-26 00:23:18,887 [34] INFO  [affPayment] – [GetMMPayTransactionDetailsResponse] - LoginID: affn8kk01, Result: "Success"
2024-02-26 00:23:27,840 [29] INFO  [affPayment] – [GetMMPayTransactionDetailsRequest] - LoginID: affn8kk01, Result: {"t":"string","body":{"TransactionNumber":null,"MemberCode":"cUser","MemberCurrency":"RMB","Status":null,"ModifiedDateFrom":"2024-02-23","ModifiedDateTo":"2024-02-24","TransactionDateFrom":"2024-02-20","TransactionDateTo":"2024-02-21","IsNotExactSearch":true,"timeZone":"+8:00","ssoToken":"836d47b4d90344d29af0b3a61fb596611708917221"}}
2024-02-26 00:23:27,840 [29] INFO  [affPayment] – [GetMMPayTransactionDetailsResponse] - LoginID: affn8kk01, Result: "Success"
2024-02-26 00:23:39,824 [31] INFO  [affPayment] – [GetMMPayTransactionDetailsRequest] - LoginID: affn8kk01, Result: {"t":"string","body":{"TransactionNumber":"WMMA2402235158855","MemberCode":"cUser","MemberCurrency":"RMB","Status":null,"ModifiedDateFrom":"2024-02-23","ModifiedDateTo":"2024-02-24","TransactionDateFrom":"2024-02-20","TransactionDateTo":"2024-02-21","IsNotExactSearch":true,"timeZone":"+8:00","ssoToken":"836d47b4d90344d29af0b3a61fb596611708917221"}}
2024-02-26 00:23:39,824 [31] INFO  [affPayment] – [GetMMPayTransactionDetailsResponse] - LoginID: affn8kk01, Result: "Success"
2024-02-26 00:23:55,246 [39] INFO  [affPayment] – [GetMMPayTransactionDetailsRequest] - LoginID: affn8kk01, Result: {"t":"string","body":{"TransactionNumber":"WMMA2402235158854","MemberCode":"cUser","MemberCurrency":"RMB","Status":null,"ModifiedDateFrom":"2024-02-23","ModifiedDateTo":"2024-02-24","TransactionDateFrom":"2024-02-20","TransactionDateTo":"2024-02-21","IsNotExactSearch":true,"timeZone":"+8:00","ssoToken":"836d47b4d90344d29af0b3a61fb596611708917221"}}
2024-02-26 00:23:55,246 [39] INFO  [affPayment] – [GetMMPayTransactionDetailsResponse] - LoginID: affn8kk01, Result: "Success"
2024-02-26 00:23:59,277 [51] INFO  [affPayment] – [GetMMPayTransactionDetailsRequest] - LoginID: affn8kk01, Result: {"t":"string","body":{"TransactionNumber":"WMMA2402235158855","MemberCode":"cUser","MemberCurrency":"RMB","Status":null,"ModifiedDateFrom":"2024-02-23","ModifiedDateTo":"2024-02-24","TransactionDateFrom":"2024-02-20","TransactionDateTo":"2024-02-21","IsNotExactSearch":true,"timeZone":"+8:00","ssoToken":"836d47b4d90344d29af0b3a61fb596611708917221"}}
2024-02-26 00:23:59,277 [51] INFO  [affPayment] – [GetMMPayTransactionDetailsResponse] - LoginID: affn8kk01, Result: "Success"
2024-02-26 00:28:46,590 [34] INFO  [affPayment] – [GetMMPayTransactionNotificationRequest] - LoginID: affn8kk01, Result: {"t":"string","body":{"timeZone":"+8:00","ssoToken":"836d47b4d90344d29af0b3a61fb596611708917221"}}
2024-02-26 00:28:46,590 [34] INFO  [affPayment] – [GetMMPayTransactionNotificationResponse] - LoginID: affn8kk01, Result: "Success"
2024-02-26 02:00:29,524 [191] INFO  [affPayment] – [GetMMPayBalance] - LoginID: mkaff01, Result: Success
2024-02-26 02:10:19,665 [58] INFO  [affPayment] – [GetMMPayTransactionDetailsRequest] - LoginID: affn8kk01, Result: {"t":"string","body":{"TransactionNumber":"WMMA2402235158855","MemberCode":"cUser","MemberCurrency":"RMB","Status":null,"ModifiedDateFrom":"2024-02-23","ModifiedDateTo":"2024-02-24","TransactionDateFrom":"2024-02-20","TransactionDateTo":"2024-02-21","IsNotExactSearch":true,"timeZone":"+8:00","ssoToken":"836d47b4d90344d29af0b3a61fb596611708917221"}}
2024-02-26 02:10:19,665 [58] INFO  [affPayment] – [GetMMPayTransactionDetailsResponse] - LoginID: affn8kk01, Result: "Success"
2024-02-26 02:10:31,509 [42] INFO  [affPayment] – [GetMMPayTransactionDetailsRequest] - LoginID: affn8kk01, Result: {"t":"string","body":{"TransactionNumber":"WMMA2402235158855","MemberCode":"cUser","MemberCurrency":null,"Status":null,"ModifiedDateFrom":"2024-02-23","ModifiedDateTo":"2024-02-24","TransactionDateFrom":"2024-02-20","TransactionDateTo":"2024-02-21","IsNotExactSearch":true,"timeZone":"+8:00","ssoToken":"836d47b4d90344d29af0b3a61fb596611708917221"}}
2024-02-26 02:10:31,509 [42] INFO  [affPayment] – [GetMMPayTransactionDetailsResponse] - LoginID: affn8kk01, Result: "Success"
2024-02-26 02:10:53,150 [76] INFO  [affPayment] – [GetMMPayTransactionDetailsRequest] - LoginID: affn8kk01, Result: {"t":"string","body":{"TransactionNumber":"WMMA2402235158855","MemberCode":"cUser","MemberCurrency":null,"Status":null,"ModifiedDateFrom":"2024-02-23","ModifiedDateTo":"2024-02-24","TransactionDateFrom":"2024-02-20","TransactionDateTo":"2024-02-21","IsNotExactSearch":false,"timeZone":"+8:00","ssoToken":"836d47b4d90344d29af0b3a61fb596611708917221"}}
2024-02-26 02:10:53,150 [76] INFO  [affPayment] – [GetMMPayTransactionDetailsResponse] - LoginID: affn8kk01, Result: "Success"
2024-02-26 02:12:52,729 [30] INFO  [affPayment] – [GetMMPayTransactionDetailsRequest] - LoginID: affn8kk01, Result: {"t":"string","body":{"TransactionNumber":"WMMA2402235158855","MemberCode":"cUser","MemberCurrency":null,"Status":null,"ModifiedDateFrom":"2024-02-23","ModifiedDateTo":"2024-02-24","TransactionDateFrom":"2024-02-20","TransactionDateTo":"2024-02-21","IsNotExactSearch":true,"timeZone":"+8:00","ssoToken":"836d47b4d90344d29af0b3a61fb596611708917221"}}
2024-02-26 02:12:52,729 [30] INFO  [affPayment] – [GetMMPayTransactionDetailsResponse] - LoginID: affn8kk01, Result: "Success"
2024-02-26 02:14:09,744 [57] INFO  [affPayment] – [GetMMPayTransactionDetailsRequest] - LoginID: affn8kk01, Result: {"t":"string","body":{"TransactionNumber":"WMMA2402235158855","MemberCode":"cUser","MemberCurrency":null,"Status":null,"ModifiedDateFrom":"2024-02-23","ModifiedDateTo":"2024-02-24","TransactionDateFrom":"2024-02-20","TransactionDateTo":"2024-02-21","IsNotExactSearch":false,"timeZone":"+8:00","ssoToken":"836d47b4d90344d29af0b3a61fb596611708917221"}}
2024-02-26 02:14:09,744 [57] INFO  [affPayment] – [GetMMPayTransactionDetailsResponse] - LoginID: affn8kk01, Result: "Success"
2024-02-26 02:16:52,369 [17] INFO  [affPayment] – [GetMMPayTransactionDetailsRequest] - LoginID: affn8kk01, Result: {"t":"string","body":{"TransactionNumber":"WMMA2402235158855","MemberCode":"lcUserR01","MemberCurrency":null,"Status":null,"ModifiedDateFrom":"2024-02-23","ModifiedDateTo":"2024-02-24","TransactionDateFrom":"2024-02-20","TransactionDateTo":"2024-02-21","IsNotExactSearch":false,"timeZone":"+8:00","ssoToken":"836d47b4d90344d29af0b3a61fb596611708917221"}}
2024-02-26 02:16:52,369 [17] INFO  [affPayment] – [GetMMPayTransactionDetailsResponse] - LoginID: affn8kk01, Result: "Success"
2024-02-26 02:16:58,791 [27] INFO  [affPayment] – [GetMMPayTransactionDetailsRequest] - LoginID: affn8kk01, Result: {"t":"string","body":{"TransactionNumber":"WMMA2402235158855","MemberCode":"kcUserR01","MemberCurrency":null,"Status":null,"ModifiedDateFrom":"2024-02-23","ModifiedDateTo":"2024-02-24","TransactionDateFrom":"2024-02-20","TransactionDateTo":"2024-02-21","IsNotExactSearch":false,"timeZone":"+8:00","ssoToken":"836d47b4d90344d29af0b3a61fb596611708917221"}}
2024-02-26 02:16:58,791 [27] INFO  [affPayment] – [GetMMPayTransactionDetailsResponse] - LoginID: affn8kk01, Result: "Success"
2024-02-26 02:28:17,120 [89] INFO  [affPayment] – [GetMMPayTransactionDetailsRequest] - LoginID: affn8kk01, Result: {"t":"string","body":{"TransactionNumber":"WMMA2402235158855","MemberCode":"kcUser","MemberCurrency":null,"Status":null,"ModifiedDateFrom":"2024-02-23","ModifiedDateTo":"2024-02-24","TransactionDateFrom":"2024-02-20","TransactionDateTo":"2024-02-21","IsNotExactSearch":false,"timeZone":"+8:00","ssoToken":"836d47b4d90344d29af0b3a61fb596611708917221"}}
2024-02-26 02:28:17,120 [89] INFO  [affPayment] – [GetMMPayTransactionDetailsResponse] - LoginID: affn8kk01, Result: "Success"
2024-02-26 02:28:24,386 [206] INFO  [affPayment] – [GetMMPayTransactionDetailsRequest] - LoginID: affn8kk01, Result: {"t":"string","body":{"TransactionNumber":"WMMA2402235158855","MemberCode":"kcUser","MemberCurrency":null,"Status":null,"ModifiedDateFrom":"2024-02-23","ModifiedDateTo":"2024-02-24","TransactionDateFrom":"2024-02-20","TransactionDateTo":"2024-02-21","IsNotExactSearch":true,"timeZone":"+8:00","ssoToken":"836d47b4d90344d29af0b3a61fb596611708917221"}}
2024-02-26 02:28:24,386 [206] INFO  [affPayment] – [GetMMPayTransactionDetailsResponse] - LoginID: affn8kk01, Result: "Success"
2024-02-26 02:30:28,917 [212] INFO  [affPayment] – [GetMMPayTransactionDetailsRequest] - LoginID: affn8kk01, Result: {"t":"string","body":{"TransactionNumber":"WMMA2402235158855","MemberCode":"kcUser","MemberCurrency":null,"Status":null,"ModifiedDateFrom":"2024-02-23","ModifiedDateTo":"2024-02-24","TransactionDateFrom":"2024-02-20","TransactionDateTo":"2024-02-21","IsNotExactSearch":false,"timeZone":"+8:00","ssoToken":"836d47b4d90344d29af0b3a61fb596611708917221"}}
2024-02-26 02:30:28,917 [212] INFO  [affPayment] – [GetMMPayTransactionDetailsResponse] - LoginID: affn8kk01, Result: "Success"
2024-02-26 02:30:36,932 [213] INFO  [affPayment] – [GetMMPayTransactionDetailsRequest] - LoginID: affn8kk01, Result: {"t":"string","body":{"TransactionNumber":"WMMA2402235158855","MemberCode":"kcUserU01","MemberCurrency":null,"Status":null,"ModifiedDateFrom":"2024-02-23","ModifiedDateTo":"2024-02-24","TransactionDateFrom":"2024-02-20","TransactionDateTo":"2024-02-21","IsNotExactSearch":false,"timeZone":"+8:00","ssoToken":"836d47b4d90344d29af0b3a61fb596611708917221"}}
2024-02-26 02:30:36,932 [213] INFO  [affPayment] – [GetMMPayTransactionDetailsResponse] - LoginID: affn8kk01, Result: "Success"
2024-02-26 02:30:52,167 [211] INFO  [affPayment] – [GetMMPayTransactionDetailsRequest] - LoginID: affn8kk01, Result: {"t":"string","body":{"TransactionNumber":"WMMA2402235158855","MemberCode":"kcUserR01","MemberCurrency":null,"Status":null,"ModifiedDateFrom":"2024-02-23","ModifiedDateTo":"2024-02-24","TransactionDateFrom":"2024-02-20","TransactionDateTo":"2024-02-21","IsNotExactSearch":false,"timeZone":"+8:00","ssoToken":"836d47b4d90344d29af0b3a61fb596611708917221"}}
2024-02-26 02:30:52,167 [211] INFO  [affPayment] – [GetMMPayTransactionDetailsResponse] - LoginID: affn8kk01, Result: "Success"
2024-02-26 02:31:44,026 [210] INFO  [affPayment] – [GetMMPayTransactionDetailsRequest] - LoginID: affn8kk01, Result: {"t":"string","body":{"TransactionNumber":null,"MemberCode":"kcUserR01","MemberCurrency":null,"Status":null,"ModifiedDateFrom":"2024-02-20","ModifiedDateTo":"2024-02-24","TransactionDateFrom":"2024-02-19","TransactionDateTo":"2024-02-21","IsNotExactSearch":false,"timeZone":"+8:00","ssoToken":"836d47b4d90344d29af0b3a61fb596611708917221"}}
2024-02-26 02:31:44,026 [210] INFO  [affPayment] – [GetMMPayTransactionDetailsResponse] - LoginID: affn8kk01, Result: "Success"
2024-02-26 02:32:03,745 [208] INFO  [affPayment] – [GetMMPayTransactionDetailsRequest] - LoginID: affn8kk01, Result: {"t":"string","body":{"TransactionNumber":null,"MemberCode":"kcUserR01","MemberCurrency":null,"Status":null,"ModifiedDateFrom":"2024-02-20","ModifiedDateTo":"2024-02-24","TransactionDateFrom":"2024-02-19","TransactionDateTo":"2024-02-21","IsNotExactSearch":true,"timeZone":"+8:00","ssoToken":"836d47b4d90344d29af0b3a61fb596611708917221"}}
2024-02-26 02:32:03,745 [208] INFO  [affPayment] – [GetMMPayTransactionDetailsResponse] - LoginID: affn8kk01, Result: "Success"
